<?xml version="1.0" encoding="UTF-8"?>
<!-- Generated by org.testng.reporters.JUnitReportReporter -->
<testsuite hostname="IMSS-JK-LAP-224" failures="0" tests="1" name="emualtor_launch.Launch" time="29.665" errors="0" timestamp="2023-10-05T11:14:56 IST" skipped="0">
  <testcase classname="emualtor_launch.Launch" name="start" time="29.665"/>
</testsuite> <!-- emualtor_launch.Launch -->
